1587539708244	mozrunner::runner	INFO	Running command: "C:\\Program Files\\Mozilla Firefox\\firefox.exe" "-marionette" "-foreground" "-no-remote" "-profile" "C:\\Users\\ADMINI~1\\AppData\\Local\\Temp\\rust_mozprofile.lsAbN6fcGIkZ"
1587539710888	addons.webextension.doh-rollout@mozilla.org	WARN	Loading extension 'doh-rollout@mozilla.org': Reading manifest: Invalid extension permission: networkStatus
1587539711657	addons.webextension.screenshots@mozilla.org	WARN	Loading extension 'screenshots@mozilla.org': Reading manifest: Invalid extension permission: mozillaAddons
1587539711658	addons.webextension.screenshots@mozilla.org	WARN	Loading extension 'screenshots@mozilla.org': Reading manifest: Invalid extension permission: telemetry
1587539711659	addons.webextension.screenshots@mozilla.org	WARN	Loading extension 'screenshots@mozilla.org': Reading manifest: Invalid extension permission: resource://pdf.js/
1587539711659	addons.webextension.screenshots@mozilla.org	WARN	Loading extension 'screenshots@mozilla.org': Reading manifest: Invalid extension permission: about:reader*
JavaScript error: resource://gre/modules/XULStore.jsm, line 66: Error: Can't find profile directory.
1587539714344	Marionette	INFO	Listening on port 55878
1587539714771	Marionette	WARN	TLS certificate errors will be ignored for this session
JavaScript warning: https://wappass.baidu.com/static/touch/js/lib/fingerprint.js, line 1: WebGL warning: linkProgram: Must have a compiled vertex shader attached.
JavaScript warning: https://wappass.baidu.com/static/touch/js/lib/fingerprint.js, line 1: WebGL warning: useProgram: Program must be linked successfully.
JavaScript warning: https://wappass.baidu.com/static/touch/js/lib/fingerprint.js, line 1: WebGL warning: vertexAttribI?Pointer: `index` (4294967295) must be < MAX_VERTEX_ATTRIBS.
JavaScript warning: https://wappass.baidu.com/static/touch/js/lib/fingerprint.js, line 1: WebGL warning: uniform setter: No active linked Program.
JavaScript warning: https://wappass.baidu.com/static/touch/js/lib/fingerprint.js, line 1: WebGL warning: drawArraysInstanced: The current program is not linked.
JavaScript warning: https://wappass.baidu.com/static/touch/js/lib/fingerprint.js, line 1: WebGL warning: linkProgram: Must have a compiled vertex shader attached.
JavaScript warning: https://wappass.baidu.com/static/touch/js/lib/fingerprint.js, line 1: WebGL warning: useProgram: Program must be linked successfully.
JavaScript warning: https://wappass.baidu.com/static/touch/js/lib/fingerprint.js, line 1: WebGL warning: vertexAttribI?Pointer: `index` (4294967295) must be < MAX_VERTEX_ATTRIBS.
JavaScript warning: https://wappass.baidu.com/static/touch/js/lib/fingerprint.js, line 1: WebGL warning: uniform setter: No active linked Program.
JavaScript warning: https://wappass.baidu.com/static/touch/js/lib/fingerprint.js, line 1: WebGL warning: drawArraysInstanced: The current program is not linked.
1587539850397	Marionette	INFO	Stopped listening on port 55878

###!!! [Child][RunMessage] Error: Channel closing: too late to send/recv, messages will be lost


###!!! [Child][MessageChannel::SendAndWait] Error: Channel error: cannot send/recv

1587539855606	mozrunner::runner	INFO	Running command: "C:\\Program Files\\Mozilla Firefox\\firefox.exe" "-marionette" "-foreground" "-no-remote" "-profile" "C:\\Users\\ADMINI~1\\AppData\\Local\\Temp\\rust_mozprofile.SA8j1GP1vCMS"
1587539856145	addons.webextension.doh-rollout@mozilla.org	WARN	Loading extension 'doh-rollout@mozilla.org': Reading manifest: Invalid extension permission: networkStatus
1587539856905	addons.webextension.screenshots@mozilla.org	WARN	Loading extension 'screenshots@mozilla.org': Reading manifest: Invalid extension permission: mozillaAddons
1587539856905	addons.webextension.screenshots@mozilla.org	WARN	Loading extension 'screenshots@mozilla.org': Reading manifest: Invalid extension permission: telemetry
1587539856906	addons.webextension.screenshots@mozilla.org	WARN	Loading extension 'screenshots@mozilla.org': Reading manifest: Invalid extension permission: resource://pdf.js/
1587539856906	addons.webextension.screenshots@mozilla.org	WARN	Loading extension 'screenshots@mozilla.org': Reading manifest: Invalid extension permission: about:reader*
JavaScript error: resource://gre/modules/XULStore.jsm, line 66: Error: Can't find profile directory.
1587539859681	Marionette	INFO	Listening on port 56074
1587539859997	Marionette	WARN	TLS certificate errors will be ignored for this session
JavaScript warning: https://wappass.baidu.com/static/touch/js/lib/fingerprint.js, line 1: WebGL warning: linkProgram: Must have a compiled vertex shader attached.
JavaScript warning: https://wappass.baidu.com/static/touch/js/lib/fingerprint.js, line 1: WebGL warning: useProgram: Program must be linked successfully.
JavaScript warning: https://wappass.baidu.com/static/touch/js/lib/fingerprint.js, line 1: WebGL warning: vertexAttribI?Pointer: `index` (4294967295) must be < MAX_VERTEX_ATTRIBS.
JavaScript warning: https://wappass.baidu.com/static/touch/js/lib/fingerprint.js, line 1: WebGL warning: uniform setter: No active linked Program.
JavaScript warning: https://wappass.baidu.com/static/touch/js/lib/fingerprint.js, line 1: WebGL warning: drawArraysInstanced: The current program is not linked.
JavaScript warning: https://wappass.baidu.com/static/touch/js/lib/fingerprint.js, line 1: WebGL warning: linkProgram: Must have a compiled vertex shader attached.
JavaScript warning: https://wappass.baidu.com/static/touch/js/lib/fingerprint.js, line 1: WebGL warning: useProgram: Program must be linked successfully.
JavaScript warning: https://wappass.baidu.com/static/touch/js/lib/fingerprint.js, line 1: WebGL warning: vertexAttribI?Pointer: `index` (4294967295) must be < MAX_VERTEX_ATTRIBS.
JavaScript warning: https://wappass.baidu.com/static/touch/js/lib/fingerprint.js, line 1: WebGL warning: uniform setter: No active linked Program.
JavaScript warning: https://wappass.baidu.com/static/touch/js/lib/fingerprint.js, line 1: WebGL warning: drawArraysInstanced: The current program is not linked.
1587540109545	Marionette	INFO	Stopped listening on port 56074

###!!! [Child][RunMessage] Error: Channel closing: too late to send/recv, messages will be lost


###!!! [Child][MessageChannel::SendAndWait] Error: Channel error: cannot send/recv

1587540120047	mozrunner::runner	INFO	Running command: "C:\\Program Files\\Mozilla Firefox\\firefox.exe" "-marionette" "-foreground" "-no-remote" "-profile" "C:\\Users\\ADMINI~1\\AppData\\Local\\Temp\\rust_mozprofile.tIEGX3AQ3Hbl"
1587540120781	addons.webextension.doh-rollout@mozilla.org	WARN	Loading extension 'doh-rollout@mozilla.org': Reading manifest: Invalid extension permission: networkStatus
1587540121583	addons.webextension.screenshots@mozilla.org	WARN	Loading extension 'screenshots@mozilla.org': Reading manifest: Invalid extension permission: mozillaAddons
1587540121583	addons.webextension.screenshots@mozilla.org	WARN	Loading extension 'screenshots@mozilla.org': Reading manifest: Invalid extension permission: telemetry
1587540121583	addons.webextension.screenshots@mozilla.org	WARN	Loading extension 'screenshots@mozilla.org': Reading manifest: Invalid extension permission: resource://pdf.js/
1587540121583	addons.webextension.screenshots@mozilla.org	WARN	Loading extension 'screenshots@mozilla.org': Reading manifest: Invalid extension permission: about:reader*
JavaScript error: resource://gre/modules/XULStore.jsm, line 66: Error: Can't find profile directory.
1587540124254	Marionette	INFO	Listening on port 56365
1587540124398	Marionette	WARN	TLS certificate errors will be ignored for this session
JavaScript warning: https://wappass.baidu.com/static/touch/js/lib/fingerprint.js, line 1: WebGL warning: linkProgram: Must have a compiled vertex shader attached.
JavaScript warning: https://wappass.baidu.com/static/touch/js/lib/fingerprint.js, line 1: WebGL warning: useProgram: Program must be linked successfully.
JavaScript warning: https://wappass.baidu.com/static/touch/js/lib/fingerprint.js, line 1: WebGL warning: vertexAttribI?Pointer: `index` (4294967295) must be < MAX_VERTEX_ATTRIBS.
JavaScript warning: https://wappass.baidu.com/static/touch/js/lib/fingerprint.js, line 1: WebGL warning: uniform setter: No active linked Program.
JavaScript warning: https://wappass.baidu.com/static/touch/js/lib/fingerprint.js, line 1: WebGL warning: drawArraysInstanced: The current program is not linked.
JavaScript warning: https://wappass.baidu.com/static/touch/js/lib/fingerprint.js, line 1: WebGL warning: linkProgram: Must have a compiled vertex shader attached.
JavaScript warning: https://wappass.baidu.com/static/touch/js/lib/fingerprint.js, line 1: WebGL warning: useProgram: Program must be linked successfully.
JavaScript warning: https://wappass.baidu.com/static/touch/js/lib/fingerprint.js, line 1: WebGL warning: vertexAttribI?Pointer: `index` (4294967295) must be < MAX_VERTEX_ATTRIBS.
JavaScript warning: https://wappass.baidu.com/static/touch/js/lib/fingerprint.js, line 1: WebGL warning: uniform setter: No active linked Program.
JavaScript warning: https://wappass.baidu.com/static/touch/js/lib/fingerprint.js, line 1: WebGL warning: drawArraysInstanced: The current program is not linked.
1587540352014	Marionette	INFO	Stopped listening on port 56365

###!!! [Child][RunMessage] Error: Channel closing: too late to send/recv, messages will be lost


###!!! [Child][MessageChannel::SendAndWait] Error: Channel error: cannot send/recv

ebextension.doh-rollout@mozilla.org	WARN	Loading extension 'doh-rollout@mozilla.org': Reading manifest: Invalid extension permission: networkStatus
1587540281789	addons.webextension.screenshots@mozilla.org	WARN	Loading extension 'screenshots@mozilla.org': Reading manifest: Invalid extension permission: mozillaAddons
1587540281789	addons.webextension.screenshots@mozilla.org	WARN	Loading extension 'screenshots@mozilla.org': Reading manifest: Invalid extension permission: telemetry
1587540281790	addons.webextension.screenshots@mozilla.org	WARN	Loading extension 'screenshots@mozilla.org': Reading manifest: Invalid extension permission: resource://pdf.js/
1587540281790	addons.webextension.screenshots@mozilla.org	WARN	Loading extension 'screenshots@mozilla.org': Reading manifest: Invalid extension permission: about:reader*
JavaScript error: resource://gre/modules/XULStore.jsm, line 66: Error: Can't find profile directory.
1587540285130	Marionette	INFO	Listening on port 56590
1587540285226	Marionette	WARN	TLS certificate errors will be ignored for this session
JavaScript warning: https://wappass.baidu.com/static/touch/js/lib/fingerprint.js, line 1: WebGL warning: linkProgram: Must have a compiled vertex shader attached.
JavaScript warning: https://wappass.baidu.com/static/touch/js/lib/fingerprint.js, line 1: WebGL warning: useProgram: Program must be linked successfully.
JavaScript warning: https://wappass.baidu.com/static/touch/js/lib/fingerprint.js, line 1: WebGL warning: vertexAttribI?Pointer: `index` (4294967295) must be < MAX_VERTEX_ATTRIBS.
JavaScript warning: https://wappass.baidu.com/static/touch/js/lib/fingerprint.js, line 1: WebGL warning: uniform setter: No active linked Program.
JavaScript warning: https://wappass.baidu.com/static/touch/js/lib/fingerprint.js, line 1: WebGL warning: drawArraysInstanced: The current program is not linked.
JavaScript warning: https://wappass.baidu.com/static/touch/js/lib/fingerprint.js, line 1: WebGL warning: linkProgram: Must have a compiled vertex shader attached.
JavaScript warning: https://wappass.baidu.com/static/touch/js/lib/fingerprint.js, line 1: WebGL warning: useProgram: Program must be linked successfully.
JavaScript warning: https://wappass.baidu.com/static/touch/js/lib/fingerprint.js, line 1: WebGL warning: vertexAttribI?Pointer: `index` (4294967295) must be < MAX_VERTEX_ATTRIBS.
JavaScript warning: https://wappass.baidu.com/static/touch/js/lib/fingerprint.js, line 1: WebGL warning: uniform setter: No active linked Program.
JavaScript warning: https://wappass.baidu.com/static/touch/js/lib/fingerprint.js, line 1: WebGL warning: drawArraysInstanced: The current program is not linked.
1587540296013	Marionette	INFO	Stopped listening on port 56590

###!!! [Child][RunMessage] Error: Channel closing: too late to send/recv, messages will be lost


###!!! [Child][MessageChannel::SendAndWait] Error: Channel error: cannot send/recv

1587540356831	mozrunner::runner	INFO	Running command: "C:\\Program Files\\Mozilla Firefox\\firefox.exe" "-marionette" "-foreground" "-no-remote" "-profile" "C:\\Users\\ADMINI~1\\AppData\\Local\\Temp\\rust_mozprofile.vju7rgOk7FPW"
1587540357451	addons.webextension.doh-rollout@mozilla.org	WARN	Loading extension 'doh-rollout@mozilla.org': Reading manifest: Invalid extension permission: networkStatus
1587540358183	addons.webextension.screenshots@mozilla.org	WARN	Loading extension 'screenshots@mozilla.org': Reading manifest: Invalid extension permission: mozillaAddons
1587540358183	addons.webextension.screenshots@mozilla.org	WARN	Loading extension 'screenshots@mozilla.org': Reading manifest: Invalid extension permission: telemetry
1587540358184	addons.webextension.screenshots@mozilla.org	WARN	Loading extension 'screenshots@mozilla.org': Reading manifest: Invalid extension permission: resource://pdf.js/
1587540358184	addons.webextension.screenshots@mozilla.org	WARN	Loading extension 'screenshots@mozilla.org': Reading manifest: Invalid extension permission: about:reader*
JavaScript error: resource://gre/modules/XULStore.jsm, line 66: Error: Can't find profile directory.
1587540361282	Marionette	INFO	Listening on port 56771
1587540361321	Marionette	WARN	TLS certificate errors will be ignored for this session
JavaScript warning: https://wappass.baidu.com/static/touch/js/lib/fingerprint.js, line 1: WebGL warning: linkProgram: Must have a compiled vertex shader attached.
JavaScript warning: https://wappass.baidu.com/static/touch/js/lib/fingerprint.js, line 1: WebGL warning: useProgram: Program must be linked successfully.
JavaScript warning: https://wappass.baidu.com/static/touch/js/lib/fingerprint.js, line 1: WebGL warning: vertexAttribI?Pointer: `index` (4294967295) must be < MAX_VERTEX_ATTRIBS.
JavaScript warning: https://wappass.baidu.com/static/touch/js/lib/fingerprint.js, line 1: WebGL warning: uniform setter: No active linked Program.
JavaScript warning: https://wappass.baidu.com/static/touch/js/lib/fingerprint.js, line 1: WebGL warning: drawArraysInstanced: The current program is not linked.
1587540378324	Marionette	ERROR	[6442450949] No reply from Marionette:Register
JavaScript warning: https://wappass.baidu.com/static/touch/js/lib/fingerprint.js, line 1: WebGL warning: linkProgram: Must have a compiled vertex shader attached.
JavaScript warning: https://wappass.baidu.com/static/touch/js/lib/fingerprint.js, line 1: WebGL warning: useProgram: Program must be linked successfully.
JavaScript warning: https://wappass.baidu.com/static/touch/js/lib/fingerprint.js, line 1: WebGL warning: vertexAttribI?Pointer: `index` (4294967295) must be < MAX_VERTEX_ATTRIBS.
JavaScript warning: https://wappass.baidu.com/static/touch/js/lib/fingerprint.js, line 1: WebGL warning: uniform setter: No active linked Program.
JavaScript warning: https://wappass.baidu.com/static/touch/js/lib/fingerprint.js, line 1: WebGL warning: drawArraysInstanced: The current program is not linked.
JavaScript error: resource://gre/actors/AutoCompleteChild.jsm, line 196: Error: Invalid autocomplete selectedIndex
JavaScript error: resource://gre/actors/AutoCompleteChild.jsm, line 196: Error: Invalid autocomplete selectedIndex
JavaScript error: resource://gre/actors/AutoCompleteChild.jsm, line 196: Error: Invalid autocomplete selectedIndex
JavaScript error: resource://gre/actors/AutoCompleteChild.jsm, line 196: Error: Invalid autocomplete selectedIndex
JavaScript error: resource://gre/actors/AutoCompleteChild.jsm, line 196: Error: Invalid autocomplete selectedIndex
JavaScript error: resource://gre/actors/AutoCompleteChild.jsm, line 196: Error: Invalid autocomplete selectedIndex
JavaScript error: resource://gre/actors/AutoCompleteChild.jsm, line 196: Error: Invalid autocomplete selectedIndex
JavaScript error: resource://gre/actors/AutoCompleteChild.jsm, line 196: Error: Invalid autocomplete selectedIndex
JavaScript error: resource://gre/actors/AutoCompleteChild.jsm, line 196: Error: Invalid autocomplete selectedIndex
JavaScript error: resource://gre/actors/AutoCompleteChild.jsm, line 196: Error: Invalid autocomplete selectedIndex

###!!! [Child][RunMessage] Error: Channel closing: too late to send/recv, messages will be lost

1587540722127	Marionette	INFO	Stopped listening on port 56771

###!!! [Child][RunMessage] Error: Channel closing: too late to send/recv, messages will be lost


###!!! [Child][MessageChannel::SendAndWait] Error: Channel error: cannot send/recv

ebextension.doh-rollout@mozilla.org	WARN	Loading extension 'doh-rollout@mozilla.org': Reading manifest: Invalid extension permission: networkStatus
1587540592417	addons.webextension.screenshots@mozilla.org	WARN	Loading extension 'screenshots@mozilla.org': Reading manifest: Invalid extension permission: mozillaAddons
1587540592417	addons.webextension.screenshots@mozilla.org	WARN	Loading extension 'screenshots@mozilla.org': Reading manifest: Invalid extension permission: telemetry
1587540592417	addons.webextension.screenshots@mozilla.org	WARN	Loading extension 'screenshots@mozilla.org': Reading manifest: Invalid extension permission: resource://pdf.js/
1587540592418	addons.webextension.screenshots@mozilla.org	WARN	Loading extension 'screenshots@mozilla.org': Reading manifest: Invalid extension permission: about:reader*
JavaScript error: resource://gre/modules/XULStore.jsm, line 66: Error: Can't find profile directory.
1587540595042	Marionette	INFO	Listening on port 57034
1587540595334	Marionette	WARN	TLS certificate errors will be ignored for this session
JavaScript warning: https://wappass.baidu.com/static/touch/js/lib/fingerprint.js, line 1: WebGL warning: linkProgram: Must have a compiled vertex shader attached.
JavaScript warning: https://wappass.baidu.com/static/touch/js/lib/fingerprint.js, line 1: WebGL warning: useProgram: Program must be linked successfully.
JavaScript warning: https://wappass.baidu.com/static/touch/js/lib/fingerprint.js, line 1: WebGL warning: vertexAttribI?Pointer: `index` (4294967295) must be < MAX_VERTEX_ATTRIBS.
JavaScript warning: https://wappass.baidu.com/static/touch/js/lib/fingerprint.js, line 1: WebGL warning: uniform setter: No active linked Program.
JavaScript warning: https://wappass.baidu.com/static/touch/js/lib/fingerprint.js, line 1: WebGL warning: drawArraysInstanced: The current program is not linked.
1587540603854	Marionette	ERROR	[6442450949] No reply from Marionette:Register
JavaScript warning: https://wappass.baidu.com/static/touch/js/lib/fingerprint.js, line 1: WebGL warning: linkProgram: Must have a compiled vertex shader attached.
JavaScript warning: https://wappass.baidu.com/static/touch/js/lib/fingerprint.js, line 1: WebGL warning: useProgram: Program must be linked successfully.
JavaScript warning: https://wappass.baidu.com/static/touch/js/lib/fingerprint.js, line 1: WebGL warning: vertexAttribI?Pointer: `index` (4294967295) must be < MAX_VERTEX_ATTRIBS.
JavaScript warning: https://wappass.baidu.com/static/touch/js/lib/fingerprint.js, line 1: WebGL warning: uniform setter: No active linked Program.
JavaScript warning: https://wappass.baidu.com/static/touch/js/lib/fingerprint.js, line 1: WebGL warning: drawArraysInstanced: The current program is not linked.
1587540718775	Marionette	INFO	Stopped listening on port 57034

###!!! [Child][RunMessage] Error: Channel closing: too late to send/recv, messages will be lost


###!!! [Child][MessageChannel::SendAndWait] Error: Channel error: cannot send/recv

1587540726604	mozrunner::runner	INFO	Running command: "C:\\Program Files\\Mozilla Firefox\\firefox.exe" "-marionette" "-foreground" "-no-remote" "-profile" "C:\\Users\\ADMINI~1\\AppData\\Local\\Temp\\rust_mozprofile.tg1ij79RH3V5"
1587540727174	addons.webextension.doh-rollout@mozilla.org	WARN	Loading extension 'doh-rollout@mozilla.org': Reading manifest: Invalid extension permission: networkStatus
1587540727787	addons.webextension.screenshots@mozilla.org	WARN	Loading extension 'screenshots@mozilla.org': Reading manifest: Invalid extension permission: mozillaAddons
1587540727788	addons.webextension.screenshots@mozilla.org	WARN	Loading extension 'screenshots@mozilla.org': Reading manifest: Invalid extension permission: telemetry
1587540727788	addons.webextension.screenshots@mozilla.org	WARN	Loading extension 'screenshots@mozilla.org': Reading manifest: Invalid extension permission: resource://pdf.js/
1587540727788	addons.webextension.screenshots@mozilla.org	WARN	Loading extension 'screenshots@mozilla.org': Reading manifest: Invalid extension permission: about:reader*
JavaScript error: resource://gre/modules/XULStore.jsm, line 66: Error: Can't find profile directory.
1587540730566	Marionette	INFO	Listening on port 57229
1587540730962	Marionette	WARN	TLS certificate errors will be ignored for this session
JavaScript warning: https://wappass.baidu.com/static/touch/js/lib/fingerprint.js, line 1: WebGL warning: linkProgram: Must have a compiled vertex shader attached.
JavaScript warning: https://wappass.baidu.com/static/touch/js/lib/fingerprint.js, line 1: WebGL warning: useProgram: Program must be linked successfully.
JavaScript warning: https://wappass.baidu.com/static/touch/js/lib/fingerprint.js, line 1: WebGL warning: vertexAttribI?Pointer: `index` (4294967295) must be < MAX_VERTEX_ATTRIBS.
JavaScript warning: https://wappass.baidu.com/static/touch/js/lib/fingerprint.js, line 1: WebGL warning: uniform setter: No active linked Program.
JavaScript warning: https://wappass.baidu.com/static/touch/js/lib/fingerprint.js, line 1: WebGL warning: drawArraysInstanced: The current program is not linked.
JavaScript warning: https://wappass.baidu.com/static/touch/js/lib/fingerprint.js, line 1: WebGL warning: linkProgram: Must have a compiled vertex shader attached.
JavaScript warning: https://wappass.baidu.com/static/touch/js/lib/fingerprint.js, line 1: WebGL warning: useProgram: Program must be linked successfully.
JavaScript warning: https://wappass.baidu.com/static/touch/js/lib/fingerprint.js, line 1: WebGL warning: vertexAttribI?Pointer: `index` (4294967295) must be < MAX_VERTEX_ATTRIBS.
JavaScript warning: https://wappass.baidu.com/static/touch/js/lib/fingerprint.js, line 1: WebGL warning: uniform setter: No active linked Program.
JavaScript warning: https://wappass.baidu.com/static/touch/js/lib/fingerprint.js, line 1: WebGL warning: drawArraysInstanced: The current program is not linked.
1587541702486	Marionette	INFO	Stopped listening on port 57229

###!!! [Child][RunMessage] Error: Channel closing: too late to send/recv, messages will be lost


###!!! [Child][MessageChannel::SendAndWait] Error: Channel error: cannot send/recv

1587541707094	mozrunner::runner	INFO	Running command: "C:\\Program Files\\Mozilla Firefox\\firefox.exe" "-marionette" "-foreground" "-no-remote" "-profile" "C:\\Users\\ADMINI~1\\AppData\\Local\\Temp\\rust_mozprofile.1Ct1VwWkxJrl"
1587541707736	addons.webextension.doh-rollout@mozilla.org	WARN	Loading extension 'doh-rollout@mozilla.org': Reading manifest: Invalid extension permission: networkStatus
1587541708515	addons.webextension.screenshots@mozilla.org	WARN	Loading extension 'screenshots@mozilla.org': Reading manifest: Invalid extension permission: mozillaAddons
1587541708516	addons.webextension.screenshots@mozilla.org	WARN	Loading extension 'screenshots@mozilla.org': Reading manifest: Invalid extension permission: telemetry
1587541708517	addons.webextension.screenshots@mozilla.org	WARN	Loading extension 'screenshots@mozilla.org': Reading manifest: Invalid extension permission: resource://pdf.js/
1587541708517	addons.webextension.screenshots@mozilla.org	WARN	Loading extension 'screenshots@mozilla.org': Reading manifest: Invalid extension permission: about:reader*
JavaScript error: resource://gre/modules/XULStore.jsm, line 66: Error: Can't find profile directory.
1587541711345	Marionette	INFO	Listening on port 58054
1587541711461	Marionette	WARN	TLS certificate errors will be ignored for this session
1587541732559	Marionette	ERROR	[6442450949] No reply from Marionette:Register
JavaScript warning: https://wappass.baidu.com/static/touch/js/lib/fingerprint.js, line 1: WebGL warning: linkProgram: Must have a compiled vertex shader attached.
JavaScript warning: https://wappass.baidu.com/static/touch/js/lib/fingerprint.js, line 1: WebGL warning: useProgram: Program must be linked successfully.
JavaScript warning: https://wappass.baidu.com/static/touch/js/lib/fingerprint.js, line 1: WebGL warning: vertexAttribI?Pointer: `index` (4294967295) must be < MAX_VERTEX_ATTRIBS.
JavaScript warning: https://wappass.baidu.com/static/touch/js/lib/fingerprint.js, line 1: WebGL warning: uniform setter: No active linked Program.
JavaScript warning: https://wappass.baidu.com/static/touch/js/lib/fingerprint.js, line 1: WebGL warning: drawArraysInstanced: The current program is not linked.
JavaScript warning: https://wappass.baidu.com/static/touch/js/lib/fingerprint.js, line 1: WebGL warning: linkProgram: Must have a compiled vertex shader attached.
JavaScript warning: https://wappass.baidu.com/static/touch/js/lib/fingerprint.js, line 1: WebGL warning: useProgram: Program must be linked successfully.
JavaScript warning: https://wappass.baidu.com/static/touch/js/lib/fingerprint.js, line 1: WebGL warning: vertexAttribI?Pointer: `index` (4294967295) must be < MAX_VERTEX_ATTRIBS.
JavaScript warning: https://wappass.baidu.com/static/touch/js/lib/fingerprint.js, line 1: WebGL warning: uniform setter: No active linked Program.
JavaScript warning: https://wappass.baidu.com/static/touch/js/lib/fingerprint.js, line 1: WebGL warning: drawArraysInstanced: The current program is not linked.
JavaScript error: https://cdn.ampproject.org/rtv/012003262059300/amp4ads-v0.js, line 27: Error: Failed to load: https://img2018.cnblogs.com/news/24442/202002/24442-20200217085846555-1597513169.png​​​
JavaScript warning: https://csdnimg.cn/public/common/libs/jquery/jquery-1.9.1.min.js, line 2: Using //@ to indicate sourceMappingURL pragmas is deprecated. Use //# instead
JavaScript warning: https://csdnimg.cn/public/common/libs/jquery/jquery-1.9.1.min.js, line 2: Using //@ to indicate sourceMappingURL pragmas is deprecated. Use //# instead
JavaScript warning: https://g.alicdn.com/AWSC/WebUMID/1.80.0/um.js, line 1: WebGL context was lost.
JavaScript warning: https://g.alicdn.com/AWSC/WebUMID/1.80.0/um.js, line 1: WebGL context was lost.
JavaScript warning: https://csdnimg.cn/public/common/libs/jquery/jquery-1.9.1.min.js, line 2: Using //@ to indicate sourceMappingURL pragmas is deprecated. Use //# instead
JavaScript warning: https://g.alicdn.com/AWSC/WebUMID/1.80.0/um.js, line 1: WebGL context was lost.
1587557005229	Marionette	INFO	Stopped listening on port 58054

###!!! [Child][RunMessage] Error: Channel closing: too late to send/recv, messages will be lost


###!!! [Child][MessageChannel::SendAndWait] Error: Channel error: cannot send/recv

ut:reader*
JavaScript error: resource://gre/modules/XULStore.jsm, line 66: Error: Can't find profile directory.
1587543874623	Marionette	INFO	Listening on port 60310
1587543874721	Marionette	WARN	TLS certificate errors will be ignored for this session
1587543882984	Marionette	ERROR	[6442450949] No reply from Marionette:Register
JavaScript warning: https://wappass.baidu.com/static/touch/js/lib/fingerprint.js, line 1: WebGL warning: linkProgram: Must have a compiled vertex shader attached.
JavaScript warning: https://wappass.baidu.com/static/touch/js/lib/fingerprint.js, line 1: WebGL warning: useProgram: Program must be linked successfully.
JavaScript warning: https://wappass.baidu.com/static/touch/js/lib/fingerprint.js, line 1: WebGL warning: vertexAttribI?Pointer: `index` (4294967295) must be < MAX_VERTEX_ATTRIBS.
JavaScript warning: https://wappass.baidu.com/static/touch/js/lib/fingerprint.js, line 1: WebGL warning: uniform setter: No active linked Program.
JavaScript warning: https://wappass.baidu.com/static/touch/js/lib/fingerprint.js, line 1: WebGL warning: drawArraysInstanced: The current program is not linked.
JavaScript warning: https://wappass.baidu.com/static/touch/js/lib/fingerprint.js, line 1: WebGL warning: linkProgram: Must have a compiled vertex shader attached.
JavaScript warning: https://wappass.baidu.com/static/touch/js/lib/fingerprint.js, line 1: WebGL warning: useProgram: Program must be linked successfully.
JavaScript warning: https://wappass.baidu.com/static/touch/js/lib/fingerprint.js, line 1: WebGL warning: vertexAttribI?Pointer: `index` (4294967295) must be < MAX_VERTEX_ATTRIBS.
JavaScript warning: https://wappass.baidu.com/static/touch/js/lib/fingerprint.js, line 1: WebGL warning: uniform setter: No active linked Program.
JavaScript warning: https://wappass.baidu.com/static/touch/js/lib/fingerprint.js, line 1: WebGL warning: drawArraysInstanced: The current program is not linked.

###!!! [Child][RunMessage] Error: Channel closing: too late to send/recv, messages will be lost

1587544014632	Marionette	INFO	Stopped listening on port 60310

###!!! [Child][RunMessage] Error: Channel closing: too late to send/recv, messages will be lost


###!!! [Child][MessageChannel::SendAndWait] Error: Channel error: cannot send/recv

t: Invalid extension permission: networkStatus
1587544013113	addons.webextension.screenshots@mozilla.org	WARN	Loading extension 'screenshots@mozilla.org': Reading manifest: Invalid extension permission: mozillaAddons
1587544013113	addons.webextension.screenshots@mozilla.org	WARN	Loading extension 'screenshots@mozilla.org': Reading manifest: Invalid extension permission: telemetry
1587544013114	addons.webextension.screenshots@mozilla.org	WARN	Loading extension 'screenshots@mozilla.org': Reading manifest: Invalid extension permission: resource://pdf.js/
1587544013114	addons.webextension.screenshots@mozilla.org	WARN	Loading extension 'screenshots@mozilla.org': Reading manifest: Invalid extension permission: about:reader*
JavaScript error: resource://gre/modules/XULStore.jsm, line 66: Error: Can't find profile directory.
1587544015901	Marionette	INFO	Listening on port 60510
1587544016055	Marionette	WARN	TLS certificate errors will be ignored for this session
1587544022296	Marionette	ERROR	[6442450949] No reply from Marionette:Register
JavaScript warning: https://wappass.baidu.com/static/touch/js/lib/fingerprint.js, line 1: WebGL warning: linkProgram: Must have a compiled vertex shader attached.
JavaScript warning: https://wappass.baidu.com/static/touch/js/lib/fingerprint.js, line 1: WebGL warning: useProgram: Program must be linked successfully.
JavaScript warning: https://wappass.baidu.com/static/touch/js/lib/fingerprint.js, line 1: WebGL warning: vertexAttribI?Pointer: `index` (4294967295) must be < MAX_VERTEX_ATTRIBS.
JavaScript warning: https://wappass.baidu.com/static/touch/js/lib/fingerprint.js, line 1: WebGL warning: uniform setter: No active linked Program.
JavaScript warning: https://wappass.baidu.com/static/touch/js/lib/fingerprint.js, line 1: WebGL warning: drawArraysInstanced: The current program is not linked.
JavaScript warning: https://wappass.baidu.com/static/touch/js/lib/fingerprint.js, line 1: WebGL warning: linkProgram: Must have a compiled vertex shader attached.
JavaScript warning: https://wappass.baidu.com/static/touch/js/lib/fingerprint.js, line 1: WebGL warning: useProgram: Program must be linked successfully.
JavaScript warning: https://wappass.baidu.com/static/touch/js/lib/fingerprint.js, line 1: WebGL warning: vertexAttribI?Pointer: `index` (4294967295) must be < MAX_VERTEX_ATTRIBS.
JavaScript warning: https://wappass.baidu.com/static/touch/js/lib/fingerprint.js, line 1: WebGL warning: uniform setter: No active linked Program.
JavaScript warning: https://wappass.baidu.com/static/touch/js/lib/fingerprint.js, line 1: WebGL warning: drawArraysInstanced: The current program is not linked.
1587544050110	Marionette	INFO	Stopped listening on port 60510

###!!! [Child][RunMessage] Error: Channel closing: too late to send/recv, messages will be lost


###!!! [Child][MessageChannel::SendAndWait] Error: Channel error: cannot send/recv

1587544053310	mozrunner::runner	INFO	Running command: "C:\\Program Files\\Mozilla Firefox\\firefox.exe" "-marionette" "-foreground" "-no-remote" "-profile" "C:\\Users\\ADMINI~1\\AppData\\Local\\Temp\\rust_mozprofile.bQyyLMZd76Gv"
1587544053959	addons.webextension.doh-rollout@mozilla.org	WARN	Loading extension 'doh-rollout@mozilla.org': Reading manifest: Invalid extension permission: networkStatus
1587544054546	addons.webextension.screenshots@mozilla.org	WARN	Loading extension 'screenshots@mozilla.org': Reading manifest: Invalid extension permission: mozillaAddons
1587544054546	addons.webextension.screenshots@mozilla.org	WARN	Loading extension 'screenshots@mozilla.org': Reading manifest: Invalid extension permission: telemetry
1587544054546	addons.webextension.screenshots@mozilla.org	WARN	Loading extension 'screenshots@mozilla.org': Reading manifest: Invalid extension permission: resource://pdf.js/
1587544054546	addons.webextension.screenshots@mozilla.org	WARN	Loading extension 'screenshots@mozilla.org': Reading manifest: Invalid extension permission: about:reader*
JavaScript error: resource://gre/modules/XULStore.jsm, line 66: Error: Can't find profile directory.
1587544057312	Marionette	INFO	Listening on port 60622
1587544057663	Marionette	WARN	TLS certificate errors will be ignored for this session
1587544062812	Marionette	ERROR	[6442450949] No reply from Marionette:Register
JavaScript warning: https://wappass.baidu.com/static/touch/js/lib/fingerprint.js, line 1: WebGL warning: linkProgram: Must have a compiled vertex shader attached.
JavaScript warning: https://wappass.baidu.com/static/touch/js/lib/fingerprint.js, line 1: WebGL warning: useProgram: Program must be linked successfully.
JavaScript warning: https://wappass.baidu.com/static/touch/js/lib/fingerprint.js, line 1: WebGL warning: vertexAttribI?Pointer: `index` (4294967295) must be < MAX_VERTEX_ATTRIBS.
JavaScript warning: https://wappass.baidu.com/static/touch/js/lib/fingerprint.js, line 1: WebGL warning: uniform setter: No active linked Program.
JavaScript warning: https://wappass.baidu.com/static/touch/js/lib/fingerprint.js, line 1: WebGL warning: drawArraysInstanced: The current program is not linked.
JavaScript warning: https://wappass.baidu.com/static/touch/js/lib/fingerprint.js, line 1: WebGL warning: linkProgram: Must have a compiled vertex shader attached.
JavaScript warning: https://wappass.baidu.com/static/touch/js/lib/fingerprint.js, line 1: WebGL warning: useProgram: Program must be linked successfully.
JavaScript warning: https://wappass.baidu.com/static/touch/js/lib/fingerprint.js, line 1: WebGL warning: vertexAttribI?Pointer: `index` (4294967295) must be < MAX_VERTEX_ATTRIBS.
JavaScript warning: https://wappass.baidu.com/static/touch/js/lib/fingerprint.js, line 1: WebGL warning: uniform setter: No active linked Program.
JavaScript warning: https://wappass.baidu.com/static/touch/js/lib/fingerprint.js, line 1: WebGL warning: drawArraysInstanced: The current program is not linked.
1587544116393	Marionette	INFO	Stopped listening on port 60622

###!!! [Child][MessageChannel::SendAndWait] Error: Channel error: cannot send/recv

ile" "C:\\Users\\ADMINI~1\\AppData\\Local\\Temp\\rust_mozprofile.UdPadj4R6V5o"
1587544112840	addons.webextension.doh-rollout@mozilla.org	WARN	Loading extension 'doh-rollout@mozilla.org': Reading manifest: Invalid extension permission: networkStatus
1587544113641	addons.webextension.screenshots@mozilla.org	WARN	Loading extension 'screenshots@mozilla.org': Reading manifest: Invalid extension permission: mozillaAddons
1587544113641	addons.webextension.screenshots@mozilla.org	WARN	Loading extension 'screenshots@mozilla.org': Reading manifest: Invalid extension permission: telemetry
1587544113642	addons.webextension.screenshots@mozilla.org	WARN	Loading extension 'screenshots@mozilla.org': Reading manifest: Invalid extension permission: resource://pdf.js/
1587544113642	addons.webextension.screenshots@mozilla.org	WARN	Loading extension 'screenshots@mozilla.org': Reading manifest: Invalid extension permission: about:reader*
JavaScript error: resource://gre/modules/XULStore.jsm, line 66: Error: Can't find profile directory.
1587544117285	Marionette	INFO	Listening on port 60746
1587544117772	Marionette	WARN	TLS certificate errors will be ignored for this session
JavaScript warning: https://wappass.baidu.com/static/touch/js/lib/fingerprint.js, line 1: WebGL warning: linkProgram: Must have a compiled vertex shader attached.
JavaScript warning: https://wappass.baidu.com/static/touch/js/lib/fingerprint.js, line 1: WebGL warning: useProgram: Program must be linked successfully.
JavaScript warning: https://wappass.baidu.com/static/touch/js/lib/fingerprint.js, line 1: WebGL warning: vertexAttribI?Pointer: `index` (4294967295) must be < MAX_VERTEX_ATTRIBS.
JavaScript warning: https://wappass.baidu.com/static/touch/js/lib/fingerprint.js, line 1: WebGL warning: uniform setter: No active linked Program.
JavaScript warning: https://wappass.baidu.com/static/touch/js/lib/fingerprint.js, line 1: WebGL warning: drawArraysInstanced: The current program is not linked.
JavaScript warning: https://wappass.baidu.com/static/touch/js/lib/fingerprint.js, line 1: WebGL warning: linkProgram: Must have a compiled vertex shader attached.
JavaScript warning: https://wappass.baidu.com/static/touch/js/lib/fingerprint.js, line 1: WebGL warning: useProgram: Program must be linked successfully.
JavaScript warning: https://wappass.baidu.com/static/touch/js/lib/fingerprint.js, line 1: WebGL warning: vertexAttribI?Pointer: `index` (4294967295) must be < MAX_VERTEX_ATTRIBS.
JavaScript warning: https://wappass.baidu.com/static/touch/js/lib/fingerprint.js, line 1: WebGL warning: uniform setter: No active linked Program.
JavaScript warning: https://wappass.baidu.com/static/touch/js/lib/fingerprint.js, line 1: WebGL warning: drawArraysInstanced: The current program is not linked.
1587546078772	Marionette	INFO	Stopped listening on port 60746

###!!! [Child][RunMessage] Error: Channel closing: too late to send/recv, messages will be lost


###!!! [Child][MessageChannel::SendAndWait] Error: Channel error: cannot send/recv

1587633873770	mozrunner::runner	INFO	Running command: "C:\\Program Files\\Mozilla Firefox\\firefox.exe" "-marionette" "-foreground" "-no-remote" "-profile" "C:\\Users\\ADMINI~1\\AppData\\Local\\Temp\\rust_mozprofile.4ZfoiUFaUlq0"
1587633874519	addons.webextension.doh-rollout@mozilla.org	WARN	Loading extension 'doh-rollout@mozilla.org': Reading manifest: Invalid extension permission: networkStatus
1587633875071	addons.webextension.screenshots@mozilla.org	WARN	Loading extension 'screenshots@mozilla.org': Reading manifest: Invalid extension permission: mozillaAddons
1587633875071	addons.webextension.screenshots@mozilla.org	WARN	Loading extension 'screenshots@mozilla.org': Reading manifest: Invalid extension permission: telemetry
1587633875071	addons.webextension.screenshots@mozilla.org	WARN	Loading extension 'screenshots@mozilla.org': Reading manifest: Invalid extension permission: resource://pdf.js/
1587633875071	addons.webextension.screenshots@mozilla.org	WARN	Loading extension 'screenshots@mozilla.org': Reading manifest: Invalid extension permission: about:reader*
JavaScript error: resource://gre/modules/XULStore.jsm, line 66: Error: Can't find profile directory.
1587633877803	Marionette	INFO	Listening on port 56463
1587633877906	Marionette	WARN	TLS certificate errors will be ignored for this session
JavaScript error: resource://gre/actors/AutoCompleteChild.jsm, line 196: Error: Invalid autocomplete selectedIndex
JavaScript error: resource://gre/actors/AutoCompleteChild.jsm, line 196: Error: Invalid autocomplete selectedIndex
JavaScript error: resource://gre/actors/AutoCompleteChild.jsm, line 196: Error: Invalid autocomplete selectedIndex
JavaScript warning: https://g.alicdn.com/AWSC/WebUMID/1.80.0/um.js, line 1: WebGL context was lost.
JavaScript warning: https://g.alicdn.com/AWSC/WebUMID/1.80.0/um.js, line 1: WebGL context was lost.
JavaScript warning: https://g.alicdn.com/AWSC/WebUMID/1.80.0/um.js, line 1: WebGL context was lost.
JavaScript error: https://static.zhipin.com/zhipin-geek/v177/web/geek-vue/static/js/app.3e3ff4a7.js, line 1: TypeError: this.fileInfo is undefined
JavaScript warning: https://g.alicdn.com/AWSC/WebUMID/1.80.0/um.js, line 1: WebGL context was lost.
JavaScript warning: https://g.alicdn.com/AWSC/WebUMID/1.80.0/um.js, line 1: WebGL context was lost.
JavaScript error: https://www.zhipin.com/web/common/security-js/aa7f1753.js, line 1: NS_ERROR_FAILURE: 
JavaScript warning: https://g.alicdn.com/AWSC/WebUMID/1.80.0/um.js, line 1: WebGL context was lost.
JavaScript warning: https://g.alicdn.com/AWSC/WebUMID/1.80.0/um.js, line 1: WebGL context was lost.
JavaScript warning: https://g.alicdn.com/AWSC/WebUMID/1.80.0/um.js, line 1: WebGL context was lost.
JavaScript warning: https://g.alicdn.com/AWSC/WebUMID/1.80.0/um.js, line 1: WebGL context was lost.
JavaScript warning: https://g.alicdn.com/AWSC/WebUMID/1.80.0/um.js, line 1: WebGL context was lost.
JavaScript warning: https://g.alicdn.com/AWSC/WebUMID/1.80.0/um.js, line 1: WebGL context was lost.
JavaScript warning: https://g.alicdn.com/AWSC/WebUMID/1.80.0/um.js, line 1: WebGL context was lost.
JavaScript warning: https://g.alicdn.com/AWSC/WebUMID/1.80.0/um.js, line 1: WebGL context was lost.
JavaScript warning: https://g.alicdn.com/AWSC/WebUMID/1.80.0/um.js, line 1: WebGL context was lost.
JavaScript warning: https://g.alicdn.com/AWSC/WebUMID/1.80.0/um.js, line 1: WebGL context was lost.
JavaScript warning: https://g.alicdn.com/AWSC/WebUMID/1.80.0/um.js, line 1: WebGL context was lost.
JavaScript warning: https://g.alicdn.com/AWSC/WebUMID/1.80.0/um.js, line 1: WebGL context was lost.
JavaScript error: https://www.zhipin.com/web/common/security-js/aa7f1753.js, line 1: NS_ERROR_FAILURE: 
JavaScript warning: https://g.alicdn.com/AWSC/WebUMID/1.80.0/um.js, line 1: WebGL context was lost.
JavaScript warning: https://g.alicdn.com/AWSC/WebUMID/1.80.0/um.js, line 1: WebGL context was lost.
JavaScript warning: https://g.alicdn.com/AWSC/WebUMID/1.80.0/um.js, line 1: WebGL context was lost.
JavaScript warning: https://g.alicdn.com/AWSC/WebUMID/1.80.0/um.js, line 1: WebGL context was lost.
JavaScript warning: https://g.alicdn.com/AWSC/WebUMID/1.80.0/um.js, line 1: WebGL context was lost.
JavaScript warning: https://g.alicdn.com/AWSC/WebUMID/1.80.0/um.js, line 1: WebGL context was lost.
JavaScript warning: https://g.alicdn.com/AWSC/WebUMID/1.80.0/um.js, line 1: WebGL context was lost.
JavaScript warning: https://g.alicdn.com/AWSC/WebUMID/1.80.0/um.js, line 1: WebGL context was lost.
JavaScript warning: https://g.alicdn.com/AWSC/WebUMID/1.80.0/um.js, line 1: WebGL context was lost.
JavaScript warning: https://g.alicdn.com/AWSC/WebUMID/1.80.0/um.js, line 1: WebGL context was lost.
JavaScript warning: https://g.alicdn.com/AWSC/WebUMID/1.80.0/um.js, line 1: WebGL context was lost.
JavaScript warning: https://g.alicdn.com/AWSC/WebUMID/1.80.0/um.js, line 1: WebGL context was lost.
JavaScript warning: https://g.alicdn.com/AWSC/WebUMID/1.80.0/um.js, line 1: WebGL context was lost.
JavaScript warning: https://g.alicdn.com/AWSC/WebUMID/1.80.0/um.js, line 1: WebGL context was lost.
JavaScript warning: https://g.alicdn.com/AWSC/WebUMID/1.80.0/um.js, line 1: WebGL context was lost.
JavaScript warning: https://pos.baidu.com/tczm?conwid=250&conhei=250&rdid=1997633&dc=3&exps=110011&psi=c731daca2cdb3d9de1fc8016d60c4ffa&di=u1997633&dri=0&dis=0&dai=1&ps=1104x0&coa=wn%3D2%26hn%3D8&enu=encoding&ant=0&dcb=___adblockplus_&dtm=HTML_POST&dvi=0.0&dci=-1&dpt=none&tsr=0&tpr=1587642276139&ti=cookie%EF%BC%88%E5%82%A8%E5%AD%98%E5%9C%A8%E7%94%A8%E6%88%B7%E6%9C%AC%E5%9C%B0%E7%BB%88%E7%AB%AF%E4%B8%8A%E7%9A%84%E6%95%B0%E6%8D%AE%EF%BC%89_%E7%99%BE%E5%BA%A6%E7%99%BE%E7%A7%91&ari=2&ver=0423&dbv=0&drs=3&pcs=1423x675&pss=1423x5325&cfv=0&cpl=0&chi=1&cce=true&cec=UTF-8&tlm=1587642276&prot=2&rw=675&ltu=https%3A%2F%2Fbaike.baidu.com%2Fitem%2Fcookie%2F1119%231&ltr=https%3A%2F%2Fwww.baidu.com%2Flink%3Furl%3DfjYWiq4XV4sIBAFxjNIzSnhl6C_PlQjAceXQPON0jwjreFIKfe1vOpnOlMTFmNuLJxsgjSWip2QJOeZgxZZGS_%26wd%3D%26eqid%3Dffab3cac0004ffa8000000065ea17f94&ecd=1&uc=1440x771&pis=-1x-1&sr=1440x810&tcn=1587642276&qn=7e130fe18cbcf1d7&tt=1587642276129.17.202.203, line 137: unreachable code after return statement
JavaScript warning: https://pos.baidu.com/tczm?conwid=250&conhei=250&rdid=1997633&dc=3&exps=110011&psi=c731daca2cdb3d9de1fc8016d60c4ffa&di=u1997633&dri=0&dis=0&dai=1&ps=1104x0&coa=wn%3D2%26hn%3D8&enu=encoding&ant=0&dcb=___adblockplus_&dtm=HTML_POST&dvi=0.0&dci=-1&dpt=none&tsr=0&tpr=1587642276139&ti=cookie%EF%BC%88%E5%82%A8%E5%AD%98%E5%9C%A8%E7%94%A8%E6%88%B7%E6%9C%AC%E5%9C%B0%E7%BB%88%E7%AB%AF%E4%B8%8A%E7%9A%84%E6%95%B0%E6%8D%AE%EF%BC%89_%E7%99%BE%E5%BA%A6%E7%99%BE%E7%A7%91&ari=2&ver=0423&dbv=0&drs=3&pcs=1423x675&pss=1423x5325&cfv=0&cpl=0&chi=1&cce=true&cec=UTF-8&tlm=1587642276&prot=2&rw=675&ltu=https%3A%2F%2Fbaike.baidu.com%2Fitem%2Fcookie%2F1119%231&ltr=https%3A%2F%2Fwww.baidu.com%2Flink%3Furl%3DfjYWiq4XV4sIBAFxjNIzSnhl6C_PlQjAceXQPON0jwjreFIKfe1vOpnOlMTFmNuLJxsgjSWip2QJOeZgxZZGS_%26wd%3D%26eqid%3Dffab3cac0004ffa8000000065ea17f94&ecd=1&uc=1440x771&pis=-1x-1&sr=1440x810&tcn=1587642276&qn=7e130fe18cbcf1d7&tt=1587642276129.17.202.203, line 137: unreachable code after return statement
JavaScript error: https://gss0.baidu.com/9rA4cT8aBw9FktbgoI7O1ygwehsv/static/api/js/trans/logger.js?v=d16ec0e3.js, line 1: TypeError: n.ajax.request is not a function
1587644186018	Marionette	INFO	Stopped listening on port 56463

###!!! [Child][MessageChannel::SendAndWait] Error: Channel error: cannot send/recv

action.js:1034:5
performActions@chrome://marionette/content/listener.js:850:16
dispatch/</req<@chrome://marionette/content/listener.js:527:14
dispatch/<@chrome://marionette/content/listener.js:520:15
1587634420868	Marionette	INFO	Stopped listening on port 57062

###!!! [Child][RunMessage] Error: Channel closing: too late to send/recv, messages will be lost


###!!! [Child][MessageChannel::SendAndWait] Error: Channel error: cannot send/recv

1587634424991	mozrunner::runner	INFO	Running command: "C:\\Program Files\\Mozilla Firefox\\firefox.exe" "-marionette" "-foreground" "-no-remote" "-profile" "C:\\Users\\ADMINI~1\\AppData\\Local\\Temp\\rust_mozprofile.Sq6OLqxyjz9z"
1587634425385	addons.webextension.doh-rollout@mozilla.org	WARN	Loading extension 'doh-rollout@mozilla.org': Reading manifest: Invalid extension permission: networkStatus
1587634425886	addons.webextension.screenshots@mozilla.org	WARN	Loading extension 'screenshots@mozilla.org': Reading manifest: Invalid extension permission: mozillaAddons
1587634425886	addons.webextension.screenshots@mozilla.org	WARN	Loading extension 'screenshots@mozilla.org': Reading manifest: Invalid extension permission: telemetry
1587634425886	addons.webextension.screenshots@mozilla.org	WARN	Loading extension 'screenshots@mozilla.org': Reading manifest: Invalid extension permission: resource://pdf.js/
1587634425886	addons.webextension.screenshots@mozilla.org	WARN	Loading extension 'screenshots@mozilla.org': Reading manifest: Invalid extension permission: about:reader*
JavaScript error: resource://gre/modules/XULStore.jsm, line 66: Error: Can't find profile directory.
1587634428334	Marionette	INFO	Listening on port 57154
1587634428836	Marionette	WARN	TLS certificate errors will be ignored for this session
1587634431122	Marionette	WARN	TimedPromise timed out after 0 ms: stacktrace:
TimedPromise/<@chrome://marionette/content/sync.js:244:13
TimedPromise@chrome://marionette/content/sync.js:229:10
Sleep@chrome://marionette/content/sync.js:282:10
dispatchPause@chrome://marionette/content/action.js:1482:10
toEvents/<@chrome://marionette/content/action.js:1156:16
action.dispatchTickActions@chrome://marionette/content/action.js:1060:35
action.dispatch/chainEvents<@chrome://marionette/content/action.js:1028:20
action.dispatch@chrome://marionette/content/action.js:1034:5
performActions@chrome://marionette/content/listener.js:850:16
dispatch/</req<@chrome://marionette/content/listener.js:527:14
dispatch/<@chrome://marionette/content/listener.js:520:15
1587634432232	Marionette	WARN	TimedPromise timed out after 500 ms: stacktrace:
TimedPromise/<@chrome://marionette/content/sync.js:244:13
TimedPromise@chrome://marionette/content/sync.js:229:10
interaction.flushEventLoop@chrome://marionette/content/interaction.js:416:10
webdriverClickElement@chrome://marionette/content/interaction.js:182:31
JavaScript error: resource://gre/modules/XULStore.jsm, line 66: Error: Can't find profile directory.
1587635125867	Marionette	INFO	Stopped listening on port 57154

###!!! [Child][RunMessage] Error: Channel closing: too late to send/recv, messages will be lost


###!!! [Child][MessageChannel::SendAndWait] Error: Channel error: cannot send/recv

1587644792115	mozrunner::runner	INFO	Running command: "C:\\Program Files\\Mozilla Firefox\\firefox.exe" "-marionette" "-foreground" "-no-remote" "-profile" "C:\\Users\\ADMINI~1\\AppData\\Local\\Temp\\rust_mozprofile.8CwPiDEbaBCU"
1587644794654	addons.webextension.doh-rollout@mozilla.org	WARN	Loading extension 'doh-rollout@mozilla.org': Reading manifest: Invalid extension permission: networkStatus
1587644795359	addons.webextension.screenshots@mozilla.org	WARN	Loading extension 'screenshots@mozilla.org': Reading manifest: Invalid extension permission: mozillaAddons
1587644795359	addons.webextension.screenshots@mozilla.org	WARN	Loading extension 'screenshots@mozilla.org': Reading manifest: Invalid extension permission: telemetry
1587644795359	addons.webextension.screenshots@mozilla.org	WARN	Loading extension 'screenshots@mozilla.org': Reading manifest: Invalid extension permission: resource://pdf.js/
1587644795359	addons.webextension.screenshots@mozilla.org	WARN	Loading extension 'screenshots@mozilla.org': Reading manifest: Invalid extension permission: about:reader*
JavaScript error: resource://gre/modules/XULStore.jsm, line 66: Error: Can't find profile directory.
1587644798213	Marionette	INFO	Listening on port 55814
1587644798607	Marionette	WARN	TLS certificate errors will be ignored for this session
1587644839084	Marionette	INFO	Stopped listening on port 55814

###!!! [Child][RunMessage] Error: Channel closing: too late to send/recv, messages will be lost


###!!! [Child][MessageChannel::SendAndWait] Error: Channel error: cannot send/recv

1587705856326	mozrunner::runner	INFO	Running command: "C:\\Program Files\\Mozilla Firefox\\firefox.exe" "-marionette" "-foreground" "-no-remote" "-profile" "C:\\Users\\ADMINI~1\\AppData\\Local\\Temp\\rust_mozprofile.6Wq2WC554bdI"
1587705858297	addons.webextension.doh-rollout@mozilla.org	WARN	Loading extension 'doh-rollout@mozilla.org': Reading manifest: Invalid extension permission: networkStatus
1587705859034	addons.webextension.screenshots@mozilla.org	WARN	Loading extension 'screenshots@mozilla.org': Reading manifest: Invalid extension permission: mozillaAddons
1587705859034	addons.webextension.screenshots@mozilla.org	WARN	Loading extension 'screenshots@mozilla.org': Reading manifest: Invalid extension permission: telemetry
1587705859035	addons.webextension.screenshots@mozilla.org	WARN	Loading extension 'screenshots@mozilla.org': Reading manifest: Invalid extension permission: resource://pdf.js/
1587705859035	addons.webextension.screenshots@mozilla.org	WARN	Loading extension 'screenshots@mozilla.org': Reading manifest: Invalid extension permission: about:reader*
JavaScript error: resource://gre/modules/XULStore.jsm, line 66: Error: Can't find profile directory.
1587705861927	Marionette	INFO	Listening on port 60333
1587705862076	Marionette	WARN	TLS certificate errors will be ignored for this session
1587705871969	Marionette	INFO	Stopped listening on port 60333

###!!! [Child][RunMessage] Error: Channel closing: too late to send/recv, messages will be lost


###!!! [Child][MessageChannel::SendAndWait] Error: Channel error: cannot send/recv

1587706399083	mozrunner::runner	INFO	Running command: "C:\\Program Files\\Mozilla Firefox\\firefox.exe" "-marionette" "-foreground" "-no-remote" "-profile" "C:\\Users\\ADMINI~1\\AppData\\Local\\Temp\\rust_mozprofile.MQGjBSi0HZYx"
1587706399900	addons.webextension.doh-rollout@mozilla.org	WARN	Loading extension 'doh-rollout@mozilla.org': Reading manifest: Invalid extension permission: networkStatus
1587706400492	addons.webextension.screenshots@mozilla.org	WARN	Loading extension 'screenshots@mozilla.org': Reading manifest: Invalid extension permission: mozillaAddons
1587706400492	addons.webextension.screenshots@mozilla.org	WARN	Loading extension 'screenshots@mozilla.org': Reading manifest: Invalid extension permission: telemetry
1587706400493	addons.webextension.screenshots@mozilla.org	WARN	Loading extension 'screenshots@mozilla.org': Reading manifest: Invalid extension permission: resource://pdf.js/
1587706400493	addons.webextension.screenshots@mozilla.org	WARN	Loading extension 'screenshots@mozilla.org': Reading manifest: Invalid extension permission: about:reader*
JavaScript error: resource://gre/modules/XULStore.jsm, line 66: Error: Can't find profile directory.
1587706407645	mozrunner::runner	INFO	Running command: "C:\\Program Files\\Mozilla Firefox\\firefox.exe" "-marionette" "-foreground" "-no-remote" "-profile" "C:\\Users\\ADMINI~1\\AppData\\Local\\Temp\\rust_mozprofile.iHcaEvJAVz9s"
1587706408103	addons.webextension.doh-rollout@mozilla.org	WARN	Loading extension 'doh-rollout@mozilla.org': Reading manifest: Invalid extension permission: networkStatus
1587706408655	addons.webextension.screenshots@mozilla.org	WARN	Loading extension 'screenshots@mozilla.org': Reading manifest: Invalid extension permission: mozillaAddons
1587706408655	addons.webextension.screenshots@mozilla.org	WARN	Loading extension 'screenshots@mozilla.org': Reading manifest: Invalid extension permission: telemetry
1587706408655	addons.webextension.screenshots@mozilla.org	WARN	Loading extension 'screenshots@mozilla.org': Reading manifest: Invalid extension permission: resource://pdf.js/
1587706408655	addons.webextension.screenshots@mozilla.org	WARN	Loading extension 'screenshots@mozilla.org': Reading manifest: Invalid extension permission: about:reader*
JavaScript error: resource://gre/modules/XULStore.jsm, line 66: Error: Can't find profile directory.
1587706412231	addons.xpi-utils	WARN	Error: XPI database modified after shutdown began(resource://gre/modules/addons/XPIDatabase.jsm:1545:17) JS Stack trace: saveChanges@XPIDatabase.jsm:1545:17
makeAddonVisible@XPIDatabase.jsm:2348:10
addToDatabase@XPIDatabase.jsm:2275:12
install@XPIInstall.jsm:4320:27
_activateAddon@XPIInstall.jsm:4347:7
1587706412232	addons.xpi-utils	WARN	Error: XPI database modified after shutdown began(resource://gre/modules/addons/XPIDatabase.jsm:1545:17) JS Stack trace: saveChanges@XPIDatabase.jsm:1545:17
addToDatabase@XPIDatabase.jsm:2278:10
install@XPIInstall.jsm:4320:27
_activateAddon@XPIInstall.jsm:4347:7
JavaScript error: , line 0: uncaught exception: 2147500036
JavaScript error: , line 0: uncaught exception: 2147500036
JavaScript error: , line 0: uncaught exception: 2147500036

###!!! [Child][RunMessage] Error: Channel closing: too late to send/recv, messages will be lost


###!!! [Child][MessageChannel::SendAndWait] Error: Channel error: cannot send/recv

1587706419617	mozrunner::runner	INFO	Running command: "C:\\Program Files\\Mozilla Firefox\\firefox.exe" "-marionette" "-foreground" "-no-remote" "-profile" "C:\\Users\\ADMINI~1\\AppData\\Local\\Temp\\rust_mozprofile.6VkVQCThzXJs"
1587706420257	addons.webextension.doh-rollout@mozilla.org	WARN	Loading extension 'doh-rollout@mozilla.org': Reading manifest: Invalid extension permission: networkStatus
1587706420874	addons.webextension.screenshots@mozilla.org	WARN	Loading extension 'screenshots@mozilla.org': Reading manifest: Invalid extension permission: mozillaAddons
1587706420874	addons.webextension.screenshots@mozilla.org	WARN	Loading extension 'screenshots@mozilla.org': Reading manifest: Invalid extension permission: telemetry
1587706420875	addons.webextension.screenshots@mozilla.org	WARN	Loading extension 'screenshots@mozilla.org': Reading manifest: Invalid extension permission: resource://pdf.js/
1587706420875	addons.webextension.screenshots@mozilla.org	WARN	Loading extension 'screenshots@mozilla.org': Reading manifest: Invalid extension permission: about:reader*
JavaScript error: resource://gre/modules/XULStore.jsm, line 66: Error: Can't find profile directory.
1587706423602	Marionette	INFO	Listening on port 60886
1587706423971	Marionette	WARN	TLS certificate errors will be ignored for this session
1587706433122	Marionette	INFO	Stopped listening on port 60886

###!!! [Child][RunMessage] Error: Channel closing: too late to send/recv, messages will be lost


###!!! [Child][RunMessage] Error: Channel closing: too late to send/recv, messages will be lost


###!!! [Child][MessageChannel::SendAndWait] Error: Channel error: cannot send/recv

1587708932361	mozrunner::runner	INFO	Running command: "C:\\Program Files\\Mozilla Firefox\\firefox.exe" "-marionette" "-foreground" "-no-remote" "-profile" "C:\\Users\\ADMINI~1\\AppData\\Local\\Temp\\rust_mozprofile.dSMcc4qCPAHA"
1587708932955	addons.webextension.doh-rollout@mozilla.org	WARN	Loading extension 'doh-rollout@mozilla.org': Reading manifest: Invalid extension permission: networkStatus
1587708933625	addons.webextension.screenshots@mozilla.org	WARN	Loading extension 'screenshots@mozilla.org': Reading manifest: Invalid extension permission: mozillaAddons
1587708933626	addons.webextension.screenshots@mozilla.org	WARN	Loading extension 'screenshots@mozilla.org': Reading manifest: Invalid extension permission: telemetry
1587708933626	addons.webextension.screenshots@mozilla.org	WARN	Loading extension 'screenshots@mozilla.org': Reading manifest: Invalid extension permission: resource://pdf.js/
1587708933626	addons.webextension.screenshots@mozilla.org	WARN	Loading extension 'screenshots@mozilla.org': Reading manifest: Invalid extension permission: about:reader*
JavaScript error: resource://gre/modules/XULStore.jsm, line 66: Error: Can't find profile directory.
1587708936287	Marionette	INFO	Listening on port 62881
1587708936723	Marionette	WARN	TLS certificate errors will be ignored for this session
JavaScript error: https://dss1.bdstatic.com/5eN1bjq8AAUYm2zgoY3K/r/www/cache/static/protocol/https/plugins/every_cookie_4644b13.js, line 4: ReferenceError: c is not defined
1587708997138	Marionette	INFO	Stopped listening on port 62881

###!!! [Child][MessageChannel::SendAndWait] Error: Channel error: cannot send/recv

1587709001325	mozrunner::runner	INFO	Running command: "C:\\Program Files\\Mozilla Firefox\\firefox.exe" "-marionette" "-foreground" "-no-remote" "-profile" "C:\\Users\\ADMINI~1\\AppData\\Local\\Temp\\rust_mozprofile.7bqiBAUSaT29"
1587709001786	addons.webextension.doh-rollout@mozilla.org	WARN	Loading extension 'doh-rollout@mozilla.org': Reading manifest: Invalid extension permission: networkStatus
1587709002562	addons.webextension.screenshots@mozilla.org	WARN	Loading extension 'screenshots@mozilla.org': Reading manifest: Invalid extension permission: mozillaAddons
1587709002562	addons.webextension.screenshots@mozilla.org	WARN	Loading extension 'screenshots@mozilla.org': Reading manifest: Invalid extension permission: telemetry
1587709002563	addons.webextension.screenshots@mozilla.org	WARN	Loading extension 'screenshots@mozilla.org': Reading manifest: Invalid extension permission: resource://pdf.js/
1587709002563	addons.webextension.screenshots@mozilla.org	WARN	Loading extension 'screenshots@mozilla.org': Reading manifest: Invalid extension permission: about:reader*
JavaScript error: resource://gre/modules/XULStore.jsm, line 66: Error: Can't find profile directory.
1587709005362	Marionette	INFO	Listening on port 63021
1587709005688	Marionette	WARN	TLS certificate errors will be ignored for this session
JavaScript error: https://dss1.bdstatic.com/5eN1bjq8AAUYm2zgoY3K/r/www/cache/static/protocol/https/plugins/every_cookie_4644b13.js, line 4: ReferenceError: c is not defined
1587709181488	Marionette	INFO	Stopped listening on port 63021

###!!! [Child][MessageChannel::SendAndWait] Error: Channel error: cannot send/recv

ile" "C:\\Users\\ADMINI~1\\AppData\\Local\\Temp\\rust_mozprofile.sdjOrSTPuNnV"
1587709174799	addons.webextension.doh-rollout@mozilla.org	WARN	Loading extension 'doh-rollout@mozilla.org': Reading manifest: Invalid extension permission: networkStatus
1587709177133	addons.webextension.screenshots@mozilla.org	WARN	Loading extension 'screenshots@mozilla.org': Reading manifest: Invalid extension permission: mozillaAddons
1587709177133	addons.webextension.screenshots@mozilla.org	WARN	Loading extension 'screenshots@mozilla.org': Reading manifest: Invalid extension permission: telemetry
1587709177134	addons.webextension.screenshots@mozilla.org	WARN	Loading extension 'screenshots@mozilla.org': Reading manifest: Invalid extension permission: resource://pdf.js/
1587709177134	addons.webextension.screenshots@mozilla.org	WARN	Loading extension 'screenshots@mozilla.org': Reading manifest: Invalid extension permission: about:reader*
JavaScript error: resource://gre/modules/XULStore.jsm, line 66: Error: Can't find profile directory.
1587709181058	Marionette	INFO	Listening on port 63237
1587709181374	Marionette	WARN	TLS certificate errors will be ignored for this session
JavaScript error: https://dss1.bdstatic.com/5eN1bjq8AAUYm2zgoY3K/r/www/cache/static/protocol/https/plugins/every_cookie_4644b13.js, line 4: ReferenceError: c is not defined
1587710379028	Marionette	INFO	Stopped listening on port 63237

###!!! [Child][RunMessage] Error: Channel closing: too late to send/recv, messages will be lost


###!!! [Child][MessageChannel::SendAndWait] Error: Channel error: cannot send/recv

ebextension.doh-rollout@mozilla.org	WARN	Loading extension 'doh-rollout@mozilla.org': Reading manifest: Invalid extension permission: networkStatus
1587709729927	addons.webextension.screenshots@mozilla.org	WARN	Loading extension 'screenshots@mozilla.org': Reading manifest: Invalid extension permission: mozillaAddons
1587709729927	addons.webextension.screenshots@mozilla.org	WARN	Loading extension 'screenshots@mozilla.org': Reading manifest: Invalid extension permission: telemetry
1587709729928	addons.webextension.screenshots@mozilla.org	WARN	Loading extension 'screenshots@mozilla.org': Reading manifest: Invalid extension permission: resource://pdf.js/
1587709729928	addons.webextension.screenshots@mozilla.org	WARN	Loading extension 'screenshots@mozilla.org': Reading manifest: Invalid extension permission: about:reader*
JavaScript error: resource://gre/modules/XULStore.jsm, line 66: Error: Can't find profile directory.
1587709733124	Marionette	INFO	Listening on port 63830
1587709733627	Marionette	WARN	TLS certificate errors will be ignored for this session
1587709745973	Marionette	INFO	Stopped listening on port 63830

###!!! [Child][RunMessage] Error: Channel closing: too late to send/recv, messages will be lost


###!!! [Child][MessageChannel::SendAndWait] Error: Channel error: cannot send/recv

1587710349409	mozrunner::runner	INFO	Running command: "C:\\Program Files\\Mozilla Firefox\\firefox.exe" "-marionette" "-foreground" "-no-remote" "-profile" "C:\\Users\\ADMINI~1\\AppData\\Local\\Temp\\rust_mozprofile.YcHU99DWu2OV"
1587710349902	addons.webextension.doh-rollout@mozilla.org	WARN	Loading extension 'doh-rollout@mozilla.org': Reading manifest: Invalid extension permission: networkStatus
1587710350699	addons.webextension.screenshots@mozilla.org	WARN	Loading extension 'screenshots@mozilla.org': Reading manifest: Invalid extension permission: mozillaAddons
1587710350699	addons.webextension.screenshots@mozilla.org	WARN	Loading extension 'screenshots@mozilla.org': Reading manifest: Invalid extension permission: telemetry
1587710350700	addons.webextension.screenshots@mozilla.org	WARN	Loading extension 'screenshots@mozilla.org': Reading manifest: Invalid extension permission: resource://pdf.js/
1587710350701	addons.webextension.screenshots@mozilla.org	WARN	Loading extension 'screenshots@mozilla.org': Reading manifest: Invalid extension permission: about:reader*
JavaScript error: resource://gre/modules/XULStore.jsm, line 66: Error: Can't find profile directory.
1587710353683	Marionette	INFO	Listening on port 64512
1587710353761	Marionette	WARN	TLS certificate errors will be ignored for this session
1587710371325	mozrunner::runner	INFO	Running command: "C:\\Program Files\\Mozilla Firefox\\firefox.exe" "-marionette" "-foreground" "-no-remote" "-profile" "C:\\Users\\ADMINI~1\\AppData\\Local\\Temp\\rust_mozprofile.mNXlZoCxNiOY"
1587710372005	addons.webextension.doh-rollout@mozilla.org	WARN	Loading extension 'doh-rollout@mozilla.org': Reading manifest: Invalid extension permission: networkStatus
1587710372832	addons.webextension.screenshots@mozilla.org	WARN	Loading extension 'screenshots@mozilla.org': Reading manifest: Invalid extension permission: mozillaAddons
1587710372832	addons.webextension.screenshots@mozilla.org	WARN	Loading extension 'screenshots@mozilla.org': Reading manifest: Invalid extension permission: telemetry
1587710372832	addons.webextension.screenshots@mozilla.org	WARN	Loading extension 'screenshots@mozilla.org': Reading manifest: Invalid extension permission: resource://pdf.js/
1587710372833	addons.webextension.screenshots@mozilla.org	WARN	Loading extension 'screenshots@mozilla.org': Reading manifest: Invalid extension permission: about:reader*
JavaScript error: resource://gre/modules/XULStore.jsm, line 66: Error: Can't find profile directory.
1587710375623	Marionette	INFO	Listening on port 64632
1587710375694	Marionette	WARN	TLS certificate errors will be ignored for this session
1587710385988	Marionette	INFO	Stopped listening on port 64632

###!!! [Child][RunMessage] Error: Channel closing: too late to send/recv, messages will be lost


###!!! [Child][MessageChannel::SendAndWait] Error: Channel error: cannot send/recv

1587712468586	mozrunner::runner	INFO	Running command: "C:\\Program Files\\Mozilla Firefox\\firefox.exe" "-marionette" "-foreground" "-no-remote" "-profile" "C:\\Users\\ADMINI~1\\AppData\\Local\\Temp\\rust_mozprofile.yMhqLk46DoVc"
1587712469278	addons.webextension.doh-rollout@mozilla.org	WARN	Loading extension 'doh-rollout@mozilla.org': Reading manifest: Invalid extension permission: networkStatus
1587712470042	addons.webextension.screenshots@mozilla.org	WARN	Loading extension 'screenshots@mozilla.org': Reading manifest: Invalid extension permission: mozillaAddons
1587712470042	addons.webextension.screenshots@mozilla.org	WARN	Loading extension 'screenshots@mozilla.org': Reading manifest: Invalid extension permission: telemetry
1587712470042	addons.webextension.screenshots@mozilla.org	WARN	Loading extension 'screenshots@mozilla.org': Reading manifest: Invalid extension permission: resource://pdf.js/
1587712470042	addons.webextension.screenshots@mozilla.org	WARN	Loading extension 'screenshots@mozilla.org': Reading manifest: Invalid extension permission: about:reader*
JavaScript error: resource://gre/modules/XULStore.jsm, line 66: Error: Can't find profile directory.
1587712472948	Marionette	INFO	Listening on port 49902
1587712473049	Marionette	WARN	TLS certificate errors will be ignored for this session
JavaScript error: resource://gre/modules/XULStore.jsm, line 66: Error: Can't find profile directory.
JavaScript warning: https://videojs.com/3-58180c736a80992a8a29.js, line 983: unreachable code after return statement

###!!! [Child][MessageChannel] Error: (msgtype=0x690029,name=PNecko::Msg_RemoveRequestContext) Channel closing: too late to send/recv, messages will be lost

1587712601447	Marionette	INFO	Stopped listening on port 49902

###!!! [Child][RunMessage] Error: Channel closing: too late to send/recv, messages will be lost


###!!! [Child][MessageChannel::SendAndWait] Error: Channel error: cannot send/recv

1587712697826	mozrunner::runner	INFO	Running command: "C:\\Program Files\\Mozilla Firefox\\firefox.exe" "-marionette" "-foreground" "-no-remote" "-profile" "C:\\Users\\ADMINI~1\\AppData\\Local\\Temp\\rust_mozprofile.Da4ylxyWkoZD"
1587712698210	addons.webextension.doh-rollout@mozilla.org	WARN	Loading extension 'doh-rollout@mozilla.org': Reading manifest: Invalid extension permission: networkStatus
1587712698760	addons.webextension.screenshots@mozilla.org	WARN	Loading extension 'screenshots@mozilla.org': Reading manifest: Invalid extension permission: mozillaAddons
1587712698760	addons.webextension.screenshots@mozilla.org	WARN	Loading extension 'screenshots@mozilla.org': Reading manifest: Invalid extension permission: telemetry
1587712698760	addons.webextension.screenshots@mozilla.org	WARN	Loading extension 'screenshots@mozilla.org': Reading manifest: Invalid extension permission: resource://pdf.js/
1587712698760	addons.webextension.screenshots@mozilla.org	WARN	Loading extension 'screenshots@mozilla.org': Reading manifest: Invalid extension permission: about:reader*
JavaScript error: resource://gre/modules/XULStore.jsm, line 66: Error: Can't find profile directory.
1587712700984	Marionette	INFO	Listening on port 50249
1587712701061	Marionette	WARN	TLS certificate errors will be ignored for this session
1587716439979	mozrunner::runner	INFO	Running command: "C:\\Program Files\\Mozilla Firefox\\firefox.exe" "-marionette" "-foreground" "-no-remote" "-profile" "C:\\Users\\ADMINI~1\\AppData\\Local\\Temp\\rust_mozprofile.3AvU8DxRJcOF"
1587716442661	addons.webextension.doh-rollout@mozilla.org	WARN	Loading extension 'doh-rollout@mozilla.org': Reading manifest: Invalid extension permission: networkStatus
1587716443268	addons.webextension.screenshots@mozilla.org	WARN	Loading extension 'screenshots@mozilla.org': Reading manifest: Invalid extension permission: mozillaAddons
1587716443269	addons.webextension.screenshots@mozilla.org	WARN	Loading extension 'screenshots@mozilla.org': Reading manifest: Invalid extension permission: telemetry
1587716443269	addons.webextension.screenshots@mozilla.org	WARN	Loading extension 'screenshots@mozilla.org': Reading manifest: Invalid extension permission: resource://pdf.js/
1587716443269	addons.webextension.screenshots@mozilla.org	WARN	Loading extension 'screenshots@mozilla.org': Reading manifest: Invalid extension permission: about:reader*
JavaScript error: resource://gre/modules/XULStore.jsm, line 66: Error: Can't find profile directory.
1587716446080	Marionette	INFO	Listening on port 53059
1587716446519	Marionette	WARN	TLS certificate errors will be ignored for this session
JavaScript error: resource://gre/modules/NetworkGeolocationProvider.jsm, line 555: TypeError: xhr.response.location is undefined
1587716770443	Marionette	INFO	Stopped listening on port 53059

###!!! [Child][RunMessage] Error: Channel closing: too late to send/recv, messages will be lost


###!!! [Child][MessageChannel::SendAndWait] Error: Channel error: cannot send/recv

1587716781721	mozrunner::runner	INFO	Running command: "C:\\Program Files\\Mozilla Firefox\\firefox.exe" "-marionette" "-foreground" "-no-remote" "-profile" "C:\\Users\\ADMINI~1\\AppData\\Local\\Temp\\rust_mozprofile.ARXzOB75NUKr"
1587716782190	addons.webextension.doh-rollout@mozilla.org	WARN	Loading extension 'doh-rollout@mozilla.org': Reading manifest: Invalid extension permission: networkStatus
1587716782736	addons.webextension.screenshots@mozilla.org	WARN	Loading extension 'screenshots@mozilla.org': Reading manifest: Invalid extension permission: mozillaAddons
1587716782736	addons.webextension.screenshots@mozilla.org	WARN	Loading extension 'screenshots@mozilla.org': Reading manifest: Invalid extension permission: telemetry
1587716782736	addons.webextension.screenshots@mozilla.org	WARN	Loading extension 'screenshots@mozilla.org': Reading manifest: Invalid extension permission: resource://pdf.js/
1587716782736	addons.webextension.screenshots@mozilla.org	WARN	Loading extension 'screenshots@mozilla.org': Reading manifest: Invalid extension permission: about:reader*
JavaScript error: resource://gre/modules/XULStore.jsm, line 66: Error: Can't find profile directory.
1587716785403	Marionette	INFO	Listening on port 53385
1587716785549	Marionette	WARN	TLS certificate errors will be ignored for this session
JavaScript error: resource://gre/modules/XULStore.jsm, line 66: Error: Can't find profile directory.
1587716914687	Marionette	INFO	Stopped listening on port 53385

###!!! [Child][RunMessage] Error: Channel closing: too late to send/recv, messages will be lost


###!!! [Child][MessageChannel::SendAndWait] Error: Channel error: cannot send/recv

1587717463265	mozrunner::runner	INFO	Running command: "C:\\Program Files\\Mozilla Firefox\\firefox.exe" "-marionette" "-foreground" "-no-remote" "-profile" "C:\\Users\\ADMINI~1\\AppData\\Local\\Temp\\rust_mozprofile.CYFOhBZjsQjN"
1587717463697	addons.webextension.doh-rollout@mozilla.org	WARN	Loading extension 'doh-rollout@mozilla.org': Reading manifest: Invalid extension permission: networkStatus
1587717464243	addons.webextension.screenshots@mozilla.org	WARN	Loading extension 'screenshots@mozilla.org': Reading manifest: Invalid extension permission: mozillaAddons
1587717464243	addons.webextension.screenshots@mozilla.org	WARN	Loading extension 'screenshots@mozilla.org': Reading manifest: Invalid extension permission: telemetry
1587717464244	addons.webextension.screenshots@mozilla.org	WARN	Loading extension 'screenshots@mozilla.org': Reading manifest: Invalid extension permission: resource://pdf.js/
1587717464244	addons.webextension.screenshots@mozilla.org	WARN	Loading extension 'screenshots@mozilla.org': Reading manifest: Invalid extension permission: about:reader*
JavaScript error: resource://gre/modules/XULStore.jsm, line 66: Error: Can't find profile directory.
1587717466942	Marionette	INFO	Listening on port 53989
1587717467086	Marionette	WARN	TLS certificate errors will be ignored for this session

###!!! [Child][MessageChannel] Error: (msgtype=0x58000D,name=PHttpChannel::Msg_DeletingChannel) Channel closing: too late to send/recv, messages will be lost


###!!! [Child][MessageChannel] Error: (msgtype=0x58000D,name=PHttpChannel::Msg_DeletingChannel) Channel closing: too late to send/recv, messages will be lost


###!!! [Child][MessageChannel] Error: (msgtype=0x58000D,name=PHttpChannel::Msg_DeletingChannel) Channel closing: too late to send/recv, messages will be lost


###!!! [Child][MessageChannel] Error: (msgtype=0x58000D,name=PHttpChannel::Msg_DeletingChannel) Channel closing: too late to send/recv, messages will be lost


###!!! [Child][MessageChannel] Error: (msgtype=0x58000D,name=PHttpChannel::Msg_DeletingChannel) Channel closing: too late to send/recv, messages will be lost


###!!! [Child][RunMessage] Error: Channel closing: too late to send/recv, messages will be lost


###!!! [Child][RunMessage] Error: Channel closing: too late to send/recv, messages will be lost


###!!! [Child][RunMessage] Error: Channel closing: too late to send/recv, messages will be lost


###!!! [Child][RunMessage] Error: Channel closing: too late to send/recv, messages will be lost


###!!! [Child][RunMessage] Error: Channel closing: too late to send/recv, messages will be lost


###!!! [Child][RunMessage] Error: Channel closing: too late to send/recv, messages will be lost

1587717479042	Marionette	INFO	Stopped listening on port 53989

###!!! [Child][MessageChannel::SendAndWait] Error: Channel error: cannot send/recv

1587717487144	mozrunner::runner	INFO	Running command: "C:\\Program Files\\Mozilla Firefox\\firefox.exe" "-marionette" "-foreground" "-no-remote" "-profile" "C:\\Users\\ADMINI~1\\AppData\\Local\\Temp\\rust_mozprofile.gUQGjeniFiUb"
1587717487594	addons.webextension.doh-rollout@mozilla.org	WARN	Loading extension 'doh-rollout@mozilla.org': Reading manifest: Invalid extension permission: networkStatus
1587717488236	addons.webextension.screenshots@mozilla.org	WARN	Loading extension 'screenshots@mozilla.org': Reading manifest: Invalid extension permission: mozillaAddons
1587717488236	addons.webextension.screenshots@mozilla.org	WARN	Loading extension 'screenshots@mozilla.org': Reading manifest: Invalid extension permission: telemetry
1587717488236	addons.webextension.screenshots@mozilla.org	WARN	Loading extension 'screenshots@mozilla.org': Reading manifest: Invalid extension permission: resource://pdf.js/
1587717488237	addons.webextension.screenshots@mozilla.org	WARN	Loading extension 'screenshots@mozilla.org': Reading manifest: Invalid extension permission: about:reader*
JavaScript error: resource://gre/modules/XULStore.jsm, line 66: Error: Can't find profile directory.
1587717491141	Marionette	INFO	Listening on port 54076
1587717491484	Marionette	WARN	TLS certificate errors will be ignored for this session
1587717504481	Marionette	INFO	Stopped listening on port 54076

###!!! [Child][RunMessage] Error: Channel closing: too late to send/recv, messages will be lost


###!!! [Child][MessageChannel::SendAndWait] Error: Channel error: cannot send/recv

1587717615274	mozrunner::runner	INFO	Running command: "C:\\Program Files\\Mozilla Firefox\\firefox.exe" "-marionette" "-foreground" "-no-remote" "-profile" "C:\\Users\\ADMINI~1\\AppData\\Local\\Temp\\rust_mozprofile.XVnIG80GoXWu"
1587717615761	addons.webextension.doh-rollout@mozilla.org	WARN	Loading extension 'doh-rollout@mozilla.org': Reading manifest: Invalid extension permission: networkStatus
1587717616316	addons.webextension.screenshots@mozilla.org	WARN	Loading extension 'screenshots@mozilla.org': Reading manifest: Invalid extension permission: mozillaAddons
1587717616316	addons.webextension.screenshots@mozilla.org	WARN	Loading extension 'screenshots@mozilla.org': Reading manifest: Invalid extension permission: telemetry
1587717616316	addons.webextension.screenshots@mozilla.org	WARN	Loading extension 'screenshots@mozilla.org': Reading manifest: Invalid extension permission: resource://pdf.js/
1587717616316	addons.webextension.screenshots@mozilla.org	WARN	Loading extension 'screenshots@mozilla.org': Reading manifest: Invalid extension permission: about:reader*
JavaScript error: resource://gre/modules/XULStore.jsm, line 66: Error: Can't find profile directory.
1587717618906	Marionette	INFO	Listening on port 54293
1587717619106	Marionette	WARN	TLS certificate errors will be ignored for this session
1587717629683	Marionette	INFO	Stopped listening on port 54293

###!!! [Child][RunMessage] Error: Channel closing: too late to send/recv, messages will be lost


###!!! [Child][MessageChannel::SendAndWait] Error: Channel error: cannot send/recv

1587717760613	mozrunner::runner	INFO	Running command: "C:\\Program Files\\Mozilla Firefox\\firefox.exe" "-marionette" "-foreground" "-no-remote" "-profile" "C:\\Users\\ADMINI~1\\AppData\\Local\\Temp\\rust_mozprofile.nwnG8YhCgSQE"
1587717761034	addons.webextension.doh-rollout@mozilla.org	WARN	Loading extension 'doh-rollout@mozilla.org': Reading manifest: Invalid extension permission: networkStatus
1587717761626	addons.webextension.screenshots@mozilla.org	WARN	Loading extension 'screenshots@mozilla.org': Reading manifest: Invalid extension permission: mozillaAddons
1587717761626	addons.webextension.screenshots@mozilla.org	WARN	Loading extension 'screenshots@mozilla.org': Reading manifest: Invalid extension permission: telemetry
1587717761626	addons.webextension.screenshots@mozilla.org	WARN	Loading extension 'screenshots@mozilla.org': Reading manifest: Invalid extension permission: resource://pdf.js/
1587717761627	addons.webextension.screenshots@mozilla.org	WARN	Loading extension 'screenshots@mozilla.org': Reading manifest: Invalid extension permission: about:reader*
JavaScript error: resource://gre/modules/XULStore.jsm, line 66: Error: Can't find profile directory.
1587717764237	Marionette	INFO	Listening on port 54581
1587717764440	Marionette	WARN	TLS certificate errors will be ignored for this session
1587717774912	Marionette	INFO	Stopped listening on port 54581

###!!! [Child][RunMessage] Error: Channel closing: too late to send/recv, messages will be lost


###!!! [Child][MessageChannel::SendAndWait] Error: Channel error: cannot send/recv

1587717839511	mozrunner::runner	INFO	Running command: "C:\\Program Files\\Mozilla Firefox\\firefox.exe" "-marionette" "-foreground" "-no-remote" "-profile" "C:\\Users\\ADMINI~1\\AppData\\Local\\Temp\\rust_mozprofile.NiI2I4TIkn8q"
1587717839941	addons.webextension.doh-rollout@mozilla.org	WARN	Loading extension 'doh-rollout@mozilla.org': Reading manifest: Invalid extension permission: networkStatus
1587717840498	addons.webextension.screenshots@mozilla.org	WARN	Loading extension 'screenshots@mozilla.org': Reading manifest: Invalid extension permission: mozillaAddons
1587717840498	addons.webextension.screenshots@mozilla.org	WARN	Loading extension 'screenshots@mozilla.org': Reading manifest: Invalid extension permission: telemetry
1587717840499	addons.webextension.screenshots@mozilla.org	WARN	Loading extension 'screenshots@mozilla.org': Reading manifest: Invalid extension permission: resource://pdf.js/
1587717840499	addons.webextension.screenshots@mozilla.org	WARN	Loading extension 'screenshots@mozilla.org': Reading manifest: Invalid extension permission: about:reader*
JavaScript error: resource://gre/modules/XULStore.jsm, line 66: Error: Can't find profile directory.
1587717843169	Marionette	INFO	Listening on port 54756
1587717843347	Marionette	WARN	TLS certificate errors will be ignored for this session
1587717856315	Marionette	INFO	Stopped listening on port 54756

###!!! [Child][RunMessage] Error: Channel closing: too late to send/recv, messages will be lost


###!!! [Child][MessageChannel::SendAndWait] Error: Channel error: cannot send/recv

1587876988341	mozrunner::runner	INFO	Running command: "C:\\Program Files\\Mozilla Firefox\\firefox.exe" "-marionette" "-foreground" "-no-remote" "-profile" "C:\\Users\\ADMINI~1\\AppData\\Local\\Temp\\rust_mozprofile.UONuvVI93jBB"
1587876989016	addons.webextension.doh-rollout@mozilla.org	WARN	Loading extension 'doh-rollout@mozilla.org': Reading manifest: Invalid extension permission: networkStatus
1587876989654	addons.webextension.screenshots@mozilla.org	WARN	Loading extension 'screenshots@mozilla.org': Reading manifest: Invalid extension permission: mozillaAddons
1587876989654	addons.webextension.screenshots@mozilla.org	WARN	Loading extension 'screenshots@mozilla.org': Reading manifest: Invalid extension permission: telemetry
1587876989655	addons.webextension.screenshots@mozilla.org	WARN	Loading extension 'screenshots@mozilla.org': Reading manifest: Invalid extension permission: resource://pdf.js/
1587876989655	addons.webextension.screenshots@mozilla.org	WARN	Loading extension 'screenshots@mozilla.org': Reading manifest: Invalid extension permission: about:reader*
JavaScript error: resource://gre/modules/XULStore.jsm, line 66: Error: Can't find profile directory.
1587876992515	Marionette	INFO	Listening on port 51486
1587876992753	Marionette	WARN	TLS certificate errors will be ignored for this session
JavaScript error: resource://gre/modules/XULStore.jsm, line 66: Error: Can't find profile directory.

###!!! [Child][RunMessage] Error: Channel closing: too late to send/recv, messages will be lost

1587877214142	Marionette	INFO	Stopped listening on port 51486

###!!! [Child][RunMessage] Error: Channel closing: too late to send/recv, messages will be lost


###!!! [Child][MessageChannel::SendAndWait] Error: Channel error: cannot send/recv

1587877224921	mozrunner::runner	INFO	Running command: "C:\\Program Files\\Mozilla Firefox\\firefox.exe" "-marionette" "-foreground" "-no-remote" "-profile" "C:\\Users\\ADMINI~1\\AppData\\Local\\Temp\\rust_mozprofile.5WG06tjGAeY4"
1587877225630	addons.webextension.doh-rollout@mozilla.org	WARN	Loading extension 'doh-rollout@mozilla.org': Reading manifest: Invalid extension permission: networkStatus
1587877226237	addons.webextension.screenshots@mozilla.org	WARN	Loading extension 'screenshots@mozilla.org': Reading manifest: Invalid extension permission: mozillaAddons
1587877226237	addons.webextension.screenshots@mozilla.org	WARN	Loading extension 'screenshots@mozilla.org': Reading manifest: Invalid extension permission: telemetry
1587877226238	addons.webextension.screenshots@mozilla.org	WARN	Loading extension 'screenshots@mozilla.org': Reading manifest: Invalid extension permission: resource://pdf.js/
1587877226238	addons.webextension.screenshots@mozilla.org	WARN	Loading extension 'screenshots@mozilla.org': Reading manifest: Invalid extension permission: about:reader*
JavaScript error: resource://gre/modules/XULStore.jsm, line 66: Error: Can't find profile directory.
1587877228956	Marionette	INFO	Listening on port 51979
1587877229292	Marionette	WARN	TLS certificate errors will be ignored for this session
1587877232337	Marionette	INFO	Stopped listening on port 51979

###!!! [Child][RunMessage] Error: Channel closing: too late to send/recv, messages will be lost


###!!! [Child][RunMessage] Error: Channel closing: too late to send/recv, messages will be lost

